[debug] [2026-02-09T11:07:02.274Z] > command requires scopes: ["email","openid","https://www.googleapis.com/auth/cloudplatformprojects.readonly","https://www.googleapis.com/auth/firebase","https://www.googleapis.com/auth/cloud-platform"]
[debug] [2026-02-09T11:07:02.276Z] > authorizing via signed-in user (creativewax@gmail.com)
[debug] [2026-02-09T11:07:02.277Z] > command requires scopes: ["email","openid","https://www.googleapis.com/auth/cloudplatformprojects.readonly","https://www.googleapis.com/auth/firebase","https://www.googleapis.com/auth/cloud-platform"]
[debug] [2026-02-09T11:07:02.277Z] > authorizing via signed-in user (creativewax@gmail.com)
[debug] [2026-02-09T11:07:02.277Z] Checked if tokens are valid: false, expires at: 1770600686863
[debug] [2026-02-09T11:07:02.277Z] Checked if tokens are valid: false, expires at: 1770600686863
[debug] [2026-02-09T11:07:02.278Z] > refreshing access token with scopes: []
[debug] [2026-02-09T11:07:02.278Z] >>> [apiv2][query] POST https://www.googleapis.com/oauth2/v3/token [none]
[debug] [2026-02-09T11:07:02.278Z] >>> [apiv2][body] POST https://www.googleapis.com/oauth2/v3/token [omitted]
[debug] [2026-02-09T11:07:02.279Z] Checked if tokens are valid: false, expires at: 1770600686863
[debug] [2026-02-09T11:07:02.280Z] Checked if tokens are valid: false, expires at: 1770600686863
[debug] [2026-02-09T11:07:02.280Z] > refreshing access token with scopes: []
[debug] [2026-02-09T11:07:02.280Z] >>> [apiv2][query] POST https://www.googleapis.com/oauth2/v3/token [none]
[debug] [2026-02-09T11:07:02.280Z] >>> [apiv2][body] POST https://www.googleapis.com/oauth2/v3/token [omitted]
[debug] [2026-02-09T11:07:02.281Z] > command requires scopes: ["email","openid","https://www.googleapis.com/auth/cloudplatformprojects.readonly","https://www.googleapis.com/auth/firebase","https://www.googleapis.com/auth/cloud-platform"]
[debug] [2026-02-09T11:07:02.281Z] > authorizing via signed-in user (creativewax@gmail.com)
[debug] [2026-02-09T11:07:02.281Z] Checked if tokens are valid: false, expires at: 1770600686863
[debug] [2026-02-09T11:07:02.281Z] Checked if tokens are valid: false, expires at: 1770600686863
[debug] [2026-02-09T11:07:02.281Z] > refreshing access token with scopes: []
[debug] [2026-02-09T11:07:02.281Z] >>> [apiv2][query] POST https://www.googleapis.com/oauth2/v3/token [none]
[debug] [2026-02-09T11:07:02.281Z] >>> [apiv2][body] POST https://www.googleapis.com/oauth2/v3/token [omitted]
[debug] [2026-02-09T11:07:02.385Z] <<< [apiv2][status] POST https://www.googleapis.com/oauth2/v3/token 200
[debug] [2026-02-09T11:07:02.385Z] <<< [apiv2][body] POST https://www.googleapis.com/oauth2/v3/token [omitted]
[debug] [2026-02-09T11:07:02.432Z] >>> [apiv2][query] GET https://cloudbilling.googleapis.com/v1/projects/the-considered-zoryve-boe/billingInfo [none]
[debug] [2026-02-09T11:07:02.434Z] <<< [apiv2][status] POST https://www.googleapis.com/oauth2/v3/token 200
[debug] [2026-02-09T11:07:02.434Z] <<< [apiv2][body] POST https://www.googleapis.com/oauth2/v3/token [omitted]
[debug] [2026-02-09T11:07:02.470Z] >>> [apiv2][query] GET https://cloudbilling.googleapis.com/v1/projects/the-considered-zoryve-boe/billingInfo [none]
[debug] [2026-02-09T11:07:02.472Z] <<< [apiv2][status] POST https://www.googleapis.com/oauth2/v3/token 200
[debug] [2026-02-09T11:07:02.472Z] <<< [apiv2][body] POST https://www.googleapis.com/oauth2/v3/token [omitted]
[debug] [2026-02-09T11:07:02.500Z] >>> [apiv2][query] GET https://cloudbilling.googleapis.com/v1/projects/the-considered-zoryve-boe/billingInfo [none]
[debug] [2026-02-09T11:07:02.726Z] <<< [apiv2][status] GET https://cloudbilling.googleapis.com/v1/projects/the-considered-zoryve-boe/billingInfo 200
[debug] [2026-02-09T11:07:02.726Z] <<< [apiv2][body] GET https://cloudbilling.googleapis.com/v1/projects/the-considered-zoryve-boe/billingInfo {"name":"projects/the-considered-zoryve-boe/billingInfo","projectId":"the-considered-zoryve-boe","billingAccountName":"","billingEnabled":false}
[debug] [2026-02-09T11:07:02.745Z] Checked if tokens are valid: true, expires at: 1770638821472
[debug] [2026-02-09T11:07:02.745Z] Checked if tokens are valid: true, expires at: 1770638821472
[debug] [2026-02-09T11:07:02.746Z] Checked if tokens are valid: true, expires at: 1770638821472
[debug] [2026-02-09T11:07:02.746Z] Checked if tokens are valid: true, expires at: 1770638821472
[debug] [2026-02-09T11:07:02.746Z] Checked if tokens are valid: true, expires at: 1770638821472
[debug] [2026-02-09T11:07:02.746Z] Checked if tokens are valid: true, expires at: 1770638821472
[debug] [2026-02-09T11:07:02.747Z] Checked if tokens are valid: true, expires at: 1770638821472
[debug] [2026-02-09T11:07:02.747Z] Checked if tokens are valid: true, expires at: 1770638821472
[debug] [2026-02-09T11:07:02.748Z] Checked if tokens are valid: true, expires at: 1770638821472
[debug] [2026-02-09T11:07:02.748Z] Checked if tokens are valid: true, expires at: 1770638821472
[debug] [2026-02-09T11:07:02.748Z] Checked if tokens are valid: true, expires at: 1770638821472
[debug] [2026-02-09T11:07:02.748Z] Checked if tokens are valid: true, expires at: 1770638821472
[debug] [2026-02-09T11:07:02.749Z] Checked if tokens are valid: true, expires at: 1770638821472
[debug] [2026-02-09T11:07:02.749Z] Checked if tokens are valid: true, expires at: 1770638821472
[debug] [2026-02-09T11:07:02.771Z] Checked if tokens are valid: true, expires at: 1770638821472
[debug] [2026-02-09T11:07:02.771Z] Checked if tokens are valid: true, expires at: 1770638821472
[debug] [2026-02-09T11:07:02.772Z] Checked if tokens are valid: true, expires at: 1770638821472
[debug] [2026-02-09T11:07:02.772Z] Checked if tokens are valid: true, expires at: 1770638821472
[debug] [2026-02-09T11:07:02.772Z] >>> [apiv2][query] GET https://serviceusage.googleapis.com/v1/projects/the-considered-zoryve-boe/services/firestore.googleapis.com [none]
[debug] [2026-02-09T11:07:02.772Z] >>> [apiv2][(partial)header] GET https://serviceusage.googleapis.com/v1/projects/the-considered-zoryve-boe/services/firestore.googleapis.com  x-goog-user-project=the-considered-zoryve-boe
[debug] [2026-02-09T11:07:02.773Z] >>> [apiv2][query] GET https://serviceusage.googleapis.com/v1/projects/the-considered-zoryve-boe/services/storage.googleapis.com [none]
[debug] [2026-02-09T11:07:02.773Z] >>> [apiv2][(partial)header] GET https://serviceusage.googleapis.com/v1/projects/the-considered-zoryve-boe/services/storage.googleapis.com  x-goog-user-project=the-considered-zoryve-boe
[debug] [2026-02-09T11:07:02.774Z] >>> [apiv2][query] GET https://serviceusage.googleapis.com/v1/projects/the-considered-zoryve-boe/services/firebasedataconnect.googleapis.com [none]
[debug] [2026-02-09T11:07:02.774Z] >>> [apiv2][(partial)header] GET https://serviceusage.googleapis.com/v1/projects/the-considered-zoryve-boe/services/firebasedataconnect.googleapis.com  x-goog-user-project=the-considered-zoryve-boe
[debug] [2026-02-09T11:07:02.775Z] >>> [apiv2][query] GET https://serviceusage.googleapis.com/v1/projects/the-considered-zoryve-boe/services/identitytoolkit.googleapis.com [none]
[debug] [2026-02-09T11:07:02.775Z] >>> [apiv2][(partial)header] GET https://serviceusage.googleapis.com/v1/projects/the-considered-zoryve-boe/services/identitytoolkit.googleapis.com  x-goog-user-project=the-considered-zoryve-boe
[debug] [2026-02-09T11:07:02.775Z] >>> [apiv2][query] GET https://serviceusage.googleapis.com/v1/projects/the-considered-zoryve-boe/services/fcm.googleapis.com [none]
[debug] [2026-02-09T11:07:02.775Z] >>> [apiv2][(partial)header] GET https://serviceusage.googleapis.com/v1/projects/the-considered-zoryve-boe/services/fcm.googleapis.com  x-goog-user-project=the-considered-zoryve-boe
[debug] [2026-02-09T11:07:02.776Z] >>> [apiv2][query] GET https://serviceusage.googleapis.com/v1/projects/the-considered-zoryve-boe/services/cloudfunctions.googleapis.com [none]
[debug] [2026-02-09T11:07:02.776Z] >>> [apiv2][(partial)header] GET https://serviceusage.googleapis.com/v1/projects/the-considered-zoryve-boe/services/cloudfunctions.googleapis.com  x-goog-user-project=the-considered-zoryve-boe
[debug] [2026-02-09T11:07:02.776Z] >>> [apiv2][query] GET https://serviceusage.googleapis.com/v1/projects/the-considered-zoryve-boe/services/firebaseremoteconfig.googleapis.com [none]
[debug] [2026-02-09T11:07:02.777Z] >>> [apiv2][(partial)header] GET https://serviceusage.googleapis.com/v1/projects/the-considered-zoryve-boe/services/firebaseremoteconfig.googleapis.com  x-goog-user-project=the-considered-zoryve-boe
[debug] [2026-02-09T11:07:02.777Z] >>> [apiv2][query] GET https://serviceusage.googleapis.com/v1/projects/the-considered-zoryve-boe/services/firebaseapphosting.googleapis.com [none]
[debug] [2026-02-09T11:07:02.777Z] >>> [apiv2][(partial)header] GET https://serviceusage.googleapis.com/v1/projects/the-considered-zoryve-boe/services/firebaseapphosting.googleapis.com  x-goog-user-project=the-considered-zoryve-boe
[debug] [2026-02-09T11:07:02.777Z] >>> [apiv2][query] GET https://serviceusage.googleapis.com/v1/projects/the-considered-zoryve-boe/services/firebaseio.com [none]
[debug] [2026-02-09T11:07:02.777Z] >>> [apiv2][(partial)header] GET https://serviceusage.googleapis.com/v1/projects/the-considered-zoryve-boe/services/firebaseio.com  x-goog-user-project=the-considered-zoryve-boe
[debug] [2026-02-09T11:07:02.891Z] <<< [apiv2][status] GET https://cloudbilling.googleapis.com/v1/projects/the-considered-zoryve-boe/billingInfo 200
[debug] [2026-02-09T11:07:02.891Z] <<< [apiv2][body] GET https://cloudbilling.googleapis.com/v1/projects/the-considered-zoryve-boe/billingInfo {"name":"projects/the-considered-zoryve-boe/billingInfo","projectId":"the-considered-zoryve-boe","billingAccountName":"","billingEnabled":false}
[debug] [2026-02-09T11:07:02.895Z] Checked if tokens are valid: true, expires at: 1770638821472
[debug] [2026-02-09T11:07:02.895Z] Checked if tokens are valid: true, expires at: 1770638821472
[debug] [2026-02-09T11:07:02.896Z] Checked if tokens are valid: true, expires at: 1770638821472
[debug] [2026-02-09T11:07:02.896Z] Checked if tokens are valid: true, expires at: 1770638821472
[debug] [2026-02-09T11:07:02.896Z] Checked if tokens are valid: true, expires at: 1770638821472
[debug] [2026-02-09T11:07:02.896Z] Checked if tokens are valid: true, expires at: 1770638821472
[debug] [2026-02-09T11:07:02.897Z] Checked if tokens are valid: true, expires at: 1770638821472
[debug] [2026-02-09T11:07:02.897Z] Checked if tokens are valid: true, expires at: 1770638821472
[debug] [2026-02-09T11:07:02.898Z] Checked if tokens are valid: true, expires at: 1770638821472
[debug] [2026-02-09T11:07:02.898Z] Checked if tokens are valid: true, expires at: 1770638821472
[debug] [2026-02-09T11:07:02.898Z] Checked if tokens are valid: true, expires at: 1770638821472
[debug] [2026-02-09T11:07:02.898Z] Checked if tokens are valid: true, expires at: 1770638821472
[debug] [2026-02-09T11:07:02.899Z] Checked if tokens are valid: true, expires at: 1770638821472
[debug] [2026-02-09T11:07:02.899Z] Checked if tokens are valid: true, expires at: 1770638821472
[debug] [2026-02-09T11:07:02.903Z] Checked if tokens are valid: true, expires at: 1770638821472
[debug] [2026-02-09T11:07:02.903Z] Checked if tokens are valid: true, expires at: 1770638821472
[debug] [2026-02-09T11:07:02.904Z] Checked if tokens are valid: true, expires at: 1770638821472
[debug] [2026-02-09T11:07:02.904Z] Checked if tokens are valid: true, expires at: 1770638821472
[debug] [2026-02-09T11:07:02.904Z] >>> [apiv2][query] GET https://serviceusage.googleapis.com/v1/projects/the-considered-zoryve-boe/services/firestore.googleapis.com [none]
[debug] [2026-02-09T11:07:02.904Z] >>> [apiv2][(partial)header] GET https://serviceusage.googleapis.com/v1/projects/the-considered-zoryve-boe/services/firestore.googleapis.com  x-goog-user-project=the-considered-zoryve-boe
[debug] [2026-02-09T11:07:02.905Z] >>> [apiv2][query] GET https://serviceusage.googleapis.com/v1/projects/the-considered-zoryve-boe/services/storage.googleapis.com [none]
[debug] [2026-02-09T11:07:02.905Z] >>> [apiv2][(partial)header] GET https://serviceusage.googleapis.com/v1/projects/the-considered-zoryve-boe/services/storage.googleapis.com  x-goog-user-project=the-considered-zoryve-boe
[debug] [2026-02-09T11:07:02.905Z] >>> [apiv2][query] GET https://serviceusage.googleapis.com/v1/projects/the-considered-zoryve-boe/services/firebasedataconnect.googleapis.com [none]
[debug] [2026-02-09T11:07:02.905Z] >>> [apiv2][(partial)header] GET https://serviceusage.googleapis.com/v1/projects/the-considered-zoryve-boe/services/firebasedataconnect.googleapis.com  x-goog-user-project=the-considered-zoryve-boe
[debug] [2026-02-09T11:07:02.906Z] >>> [apiv2][query] GET https://serviceusage.googleapis.com/v1/projects/the-considered-zoryve-boe/services/identitytoolkit.googleapis.com [none]
[debug] [2026-02-09T11:07:02.906Z] >>> [apiv2][(partial)header] GET https://serviceusage.googleapis.com/v1/projects/the-considered-zoryve-boe/services/identitytoolkit.googleapis.com  x-goog-user-project=the-considered-zoryve-boe
[debug] [2026-02-09T11:07:02.906Z] >>> [apiv2][query] GET https://serviceusage.googleapis.com/v1/projects/the-considered-zoryve-boe/services/fcm.googleapis.com [none]
[debug] [2026-02-09T11:07:02.906Z] >>> [apiv2][(partial)header] GET https://serviceusage.googleapis.com/v1/projects/the-considered-zoryve-boe/services/fcm.googleapis.com  x-goog-user-project=the-considered-zoryve-boe
[debug] [2026-02-09T11:07:02.907Z] >>> [apiv2][query] GET https://serviceusage.googleapis.com/v1/projects/the-considered-zoryve-boe/services/cloudfunctions.googleapis.com [none]
[debug] [2026-02-09T11:07:02.907Z] >>> [apiv2][(partial)header] GET https://serviceusage.googleapis.com/v1/projects/the-considered-zoryve-boe/services/cloudfunctions.googleapis.com  x-goog-user-project=the-considered-zoryve-boe
[debug] [2026-02-09T11:07:02.908Z] >>> [apiv2][query] GET https://serviceusage.googleapis.com/v1/projects/the-considered-zoryve-boe/services/firebaseremoteconfig.googleapis.com [none]
[debug] [2026-02-09T11:07:02.908Z] >>> [apiv2][(partial)header] GET https://serviceusage.googleapis.com/v1/projects/the-considered-zoryve-boe/services/firebaseremoteconfig.googleapis.com  x-goog-user-project=the-considered-zoryve-boe
[debug] [2026-02-09T11:07:02.908Z] >>> [apiv2][query] GET https://serviceusage.googleapis.com/v1/projects/the-considered-zoryve-boe/services/firebaseapphosting.googleapis.com [none]
[debug] [2026-02-09T11:07:02.908Z] >>> [apiv2][(partial)header] GET https://serviceusage.googleapis.com/v1/projects/the-considered-zoryve-boe/services/firebaseapphosting.googleapis.com  x-goog-user-project=the-considered-zoryve-boe
[debug] [2026-02-09T11:07:02.909Z] >>> [apiv2][query] GET https://serviceusage.googleapis.com/v1/projects/the-considered-zoryve-boe/services/firebaseio.com [none]
[debug] [2026-02-09T11:07:02.909Z] >>> [apiv2][(partial)header] GET https://serviceusage.googleapis.com/v1/projects/the-considered-zoryve-boe/services/firebaseio.com  x-goog-user-project=the-considered-zoryve-boe
[debug] [2026-02-09T11:07:02.913Z] <<< [apiv2][status] GET https://cloudbilling.googleapis.com/v1/projects/the-considered-zoryve-boe/billingInfo 200
[debug] [2026-02-09T11:07:02.913Z] <<< [apiv2][body] GET https://cloudbilling.googleapis.com/v1/projects/the-considered-zoryve-boe/billingInfo {"name":"projects/the-considered-zoryve-boe/billingInfo","projectId":"the-considered-zoryve-boe","billingAccountName":"","billingEnabled":false}
[debug] [2026-02-09T11:07:02.916Z] Checked if tokens are valid: true, expires at: 1770638821472
[debug] [2026-02-09T11:07:02.916Z] Checked if tokens are valid: true, expires at: 1770638821472
[debug] [2026-02-09T11:07:02.917Z] Checked if tokens are valid: true, expires at: 1770638821472
[debug] [2026-02-09T11:07:02.917Z] Checked if tokens are valid: true, expires at: 1770638821472
[debug] [2026-02-09T11:07:02.917Z] Checked if tokens are valid: true, expires at: 1770638821472
[debug] [2026-02-09T11:07:02.917Z] Checked if tokens are valid: true, expires at: 1770638821472
[debug] [2026-02-09T11:07:02.918Z] Checked if tokens are valid: true, expires at: 1770638821472
[debug] [2026-02-09T11:07:02.918Z] Checked if tokens are valid: true, expires at: 1770638821472
[debug] [2026-02-09T11:07:02.918Z] Checked if tokens are valid: true, expires at: 1770638821472
[debug] [2026-02-09T11:07:02.918Z] Checked if tokens are valid: true, expires at: 1770638821472
[debug] [2026-02-09T11:07:02.918Z] Checked if tokens are valid: true, expires at: 1770638821472
[debug] [2026-02-09T11:07:02.919Z] Checked if tokens are valid: true, expires at: 1770638821472
[debug] [2026-02-09T11:07:02.919Z] Checked if tokens are valid: true, expires at: 1770638821472
[debug] [2026-02-09T11:07:02.919Z] Checked if tokens are valid: true, expires at: 1770638821472
[debug] [2026-02-09T11:07:02.922Z] Checked if tokens are valid: true, expires at: 1770638821472
[debug] [2026-02-09T11:07:02.922Z] Checked if tokens are valid: true, expires at: 1770638821472
[debug] [2026-02-09T11:07:02.923Z] Checked if tokens are valid: true, expires at: 1770638821472
[debug] [2026-02-09T11:07:02.923Z] Checked if tokens are valid: true, expires at: 1770638821472
[debug] [2026-02-09T11:07:02.923Z] >>> [apiv2][query] GET https://serviceusage.googleapis.com/v1/projects/the-considered-zoryve-boe/services/firestore.googleapis.com [none]
[debug] [2026-02-09T11:07:02.923Z] >>> [apiv2][(partial)header] GET https://serviceusage.googleapis.com/v1/projects/the-considered-zoryve-boe/services/firestore.googleapis.com  x-goog-user-project=the-considered-zoryve-boe
[debug] [2026-02-09T11:07:02.924Z] >>> [apiv2][query] GET https://serviceusage.googleapis.com/v1/projects/the-considered-zoryve-boe/services/storage.googleapis.com [none]
[debug] [2026-02-09T11:07:02.924Z] >>> [apiv2][(partial)header] GET https://serviceusage.googleapis.com/v1/projects/the-considered-zoryve-boe/services/storage.googleapis.com  x-goog-user-project=the-considered-zoryve-boe
[debug] [2026-02-09T11:07:02.924Z] >>> [apiv2][query] GET https://serviceusage.googleapis.com/v1/projects/the-considered-zoryve-boe/services/firebasedataconnect.googleapis.com [none]
[debug] [2026-02-09T11:07:02.924Z] >>> [apiv2][(partial)header] GET https://serviceusage.googleapis.com/v1/projects/the-considered-zoryve-boe/services/firebasedataconnect.googleapis.com  x-goog-user-project=the-considered-zoryve-boe
[debug] [2026-02-09T11:07:02.925Z] >>> [apiv2][query] GET https://serviceusage.googleapis.com/v1/projects/the-considered-zoryve-boe/services/identitytoolkit.googleapis.com [none]
[debug] [2026-02-09T11:07:02.925Z] >>> [apiv2][(partial)header] GET https://serviceusage.googleapis.com/v1/projects/the-considered-zoryve-boe/services/identitytoolkit.googleapis.com  x-goog-user-project=the-considered-zoryve-boe
[debug] [2026-02-09T11:07:02.925Z] >>> [apiv2][query] GET https://serviceusage.googleapis.com/v1/projects/the-considered-zoryve-boe/services/fcm.googleapis.com [none]
[debug] [2026-02-09T11:07:02.925Z] >>> [apiv2][(partial)header] GET https://serviceusage.googleapis.com/v1/projects/the-considered-zoryve-boe/services/fcm.googleapis.com  x-goog-user-project=the-considered-zoryve-boe
[debug] [2026-02-09T11:07:02.925Z] >>> [apiv2][query] GET https://serviceusage.googleapis.com/v1/projects/the-considered-zoryve-boe/services/cloudfunctions.googleapis.com [none]
[debug] [2026-02-09T11:07:02.925Z] >>> [apiv2][(partial)header] GET https://serviceusage.googleapis.com/v1/projects/the-considered-zoryve-boe/services/cloudfunctions.googleapis.com  x-goog-user-project=the-considered-zoryve-boe
[debug] [2026-02-09T11:07:02.926Z] >>> [apiv2][query] GET https://serviceusage.googleapis.com/v1/projects/the-considered-zoryve-boe/services/firebaseremoteconfig.googleapis.com [none]
[debug] [2026-02-09T11:07:02.926Z] >>> [apiv2][(partial)header] GET https://serviceusage.googleapis.com/v1/projects/the-considered-zoryve-boe/services/firebaseremoteconfig.googleapis.com  x-goog-user-project=the-considered-zoryve-boe
[debug] [2026-02-09T11:07:02.926Z] >>> [apiv2][query] GET https://serviceusage.googleapis.com/v1/projects/the-considered-zoryve-boe/services/firebaseapphosting.googleapis.com [none]
[debug] [2026-02-09T11:07:02.926Z] >>> [apiv2][(partial)header] GET https://serviceusage.googleapis.com/v1/projects/the-considered-zoryve-boe/services/firebaseapphosting.googleapis.com  x-goog-user-project=the-considered-zoryve-boe
[debug] [2026-02-09T11:07:02.927Z] >>> [apiv2][query] GET https://serviceusage.googleapis.com/v1/projects/the-considered-zoryve-boe/services/firebaseio.com [none]
[debug] [2026-02-09T11:07:02.927Z] >>> [apiv2][(partial)header] GET https://serviceusage.googleapis.com/v1/projects/the-considered-zoryve-boe/services/firebaseio.com  x-goog-user-project=the-considered-zoryve-boe
[debug] [2026-02-09T11:07:03.456Z] <<< [apiv2][status] GET https://serviceusage.googleapis.com/v1/projects/the-considered-zoryve-boe/services/firebaseio.com 403
[debug] [2026-02-09T11:07:03.456Z] <<< [apiv2][body] GET https://serviceusage.googleapis.com/v1/projects/the-considered-zoryve-boe/services/firebaseio.com [omitted]
[debug] [2026-02-09T11:07:03.552Z] <<< [apiv2][status] GET https://serviceusage.googleapis.com/v1/projects/the-considered-zoryve-boe/services/firebasedataconnect.googleapis.com 200
[debug] [2026-02-09T11:07:03.552Z] <<< [apiv2][body] GET https://serviceusage.googleapis.com/v1/projects/the-considered-zoryve-boe/services/firebasedataconnect.googleapis.com [omitted]
[debug] [2026-02-09T11:07:03.554Z] <<< [apiv2][status] GET https://serviceusage.googleapis.com/v1/projects/the-considered-zoryve-boe/services/firebaseapphosting.googleapis.com 200
[debug] [2026-02-09T11:07:03.554Z] <<< [apiv2][body] GET https://serviceusage.googleapis.com/v1/projects/the-considered-zoryve-boe/services/firebaseapphosting.googleapis.com [omitted]
[debug] [2026-02-09T11:07:03.560Z] <<< [apiv2][status] GET https://serviceusage.googleapis.com/v1/projects/the-considered-zoryve-boe/services/firebaseremoteconfig.googleapis.com 200
[debug] [2026-02-09T11:07:03.560Z] <<< [apiv2][body] GET https://serviceusage.googleapis.com/v1/projects/the-considered-zoryve-boe/services/firebaseremoteconfig.googleapis.com [omitted]
[debug] [2026-02-09T11:07:03.576Z] <<< [apiv2][status] GET https://serviceusage.googleapis.com/v1/projects/the-considered-zoryve-boe/services/identitytoolkit.googleapis.com 200
[debug] [2026-02-09T11:07:03.576Z] <<< [apiv2][body] GET https://serviceusage.googleapis.com/v1/projects/the-considered-zoryve-boe/services/identitytoolkit.googleapis.com [omitted]
[debug] [2026-02-09T11:07:03.592Z] <<< [apiv2][status] GET https://serviceusage.googleapis.com/v1/projects/the-considered-zoryve-boe/services/firestore.googleapis.com 200
[debug] [2026-02-09T11:07:03.592Z] <<< [apiv2][body] GET https://serviceusage.googleapis.com/v1/projects/the-considered-zoryve-boe/services/firestore.googleapis.com [omitted]
[debug] [2026-02-09T11:07:03.593Z] <<< [apiv2][status] GET https://serviceusage.googleapis.com/v1/projects/the-considered-zoryve-boe/services/fcm.googleapis.com 200
[debug] [2026-02-09T11:07:03.593Z] <<< [apiv2][body] GET https://serviceusage.googleapis.com/v1/projects/the-considered-zoryve-boe/services/fcm.googleapis.com [omitted]
[debug] [2026-02-09T11:07:03.608Z] <<< [apiv2][status] GET https://serviceusage.googleapis.com/v1/projects/the-considered-zoryve-boe/services/storage.googleapis.com 200
[debug] [2026-02-09T11:07:03.609Z] <<< [apiv2][body] GET https://serviceusage.googleapis.com/v1/projects/the-considered-zoryve-boe/services/storage.googleapis.com [omitted]
[debug] [2026-02-09T11:07:03.621Z] <<< [apiv2][status] GET https://serviceusage.googleapis.com/v1/projects/the-considered-zoryve-boe/services/cloudfunctions.googleapis.com 200
[debug] [2026-02-09T11:07:03.621Z] <<< [apiv2][body] GET https://serviceusage.googleapis.com/v1/projects/the-considered-zoryve-boe/services/cloudfunctions.googleapis.com [omitted]
[debug] [2026-02-09T11:07:03.665Z] > command requires scopes: ["email","openid","https://www.googleapis.com/auth/cloudplatformprojects.readonly","https://www.googleapis.com/auth/firebase","https://www.googleapis.com/auth/cloud-platform"]
[debug] [2026-02-09T11:07:03.665Z] > authorizing via signed-in user (creativewax@gmail.com)
[debug] [2026-02-09T11:07:03.666Z] Checked if tokens are valid: true, expires at: 1770638821472
[debug] [2026-02-09T11:07:03.666Z] Checked if tokens are valid: true, expires at: 1770638821472
[debug] [2026-02-09T11:07:03.666Z] >>> [apiv2][query] GET https://cloudbilling.googleapis.com/v1/projects/the-considered-zoryve-boe/billingInfo [none]
[debug] [2026-02-09T11:07:03.843Z] <<< [apiv2][status] GET https://cloudbilling.googleapis.com/v1/projects/the-considered-zoryve-boe/billingInfo 200
[debug] [2026-02-09T11:07:03.843Z] <<< [apiv2][body] GET https://cloudbilling.googleapis.com/v1/projects/the-considered-zoryve-boe/billingInfo {"name":"projects/the-considered-zoryve-boe/billingInfo","projectId":"the-considered-zoryve-boe","billingAccountName":"","billingEnabled":false}
[debug] [2026-02-09T11:07:03.848Z] > command requires scopes: ["email","openid","https://www.googleapis.com/auth/cloudplatformprojects.readonly","https://www.googleapis.com/auth/firebase","https://www.googleapis.com/auth/cloud-platform"]
[debug] [2026-02-09T11:07:03.849Z] > authorizing via signed-in user (creativewax@gmail.com)
[debug] [2026-02-09T11:07:04.018Z] <<< [apiv2][status] GET https://serviceusage.googleapis.com/v1/projects/the-considered-zoryve-boe/services/firebaseio.com 403
[debug] [2026-02-09T11:07:04.018Z] <<< [apiv2][body] GET https://serviceusage.googleapis.com/v1/projects/the-considered-zoryve-boe/services/firebaseio.com [omitted]
[debug] [2026-02-09T11:07:04.047Z] <<< [apiv2][status] GET https://serviceusage.googleapis.com/v1/projects/the-considered-zoryve-boe/services/firebaseio.com 403
[debug] [2026-02-09T11:07:04.047Z] <<< [apiv2][body] GET https://serviceusage.googleapis.com/v1/projects/the-considered-zoryve-boe/services/firebaseio.com [omitted]
[debug] [2026-02-09T11:07:04.237Z] <<< [apiv2][status] GET https://serviceusage.googleapis.com/v1/projects/the-considered-zoryve-boe/services/firebasedataconnect.googleapis.com 200
[debug] [2026-02-09T11:07:04.238Z] <<< [apiv2][body] GET https://serviceusage.googleapis.com/v1/projects/the-considered-zoryve-boe/services/firebasedataconnect.googleapis.com [omitted]
[debug] [2026-02-09T11:07:04.238Z] <<< [apiv2][status] GET https://serviceusage.googleapis.com/v1/projects/the-considered-zoryve-boe/services/identitytoolkit.googleapis.com 200
[debug] [2026-02-09T11:07:04.238Z] <<< [apiv2][body] GET https://serviceusage.googleapis.com/v1/projects/the-considered-zoryve-boe/services/identitytoolkit.googleapis.com [omitted]
[debug] [2026-02-09T11:07:04.251Z] <<< [apiv2][status] GET https://serviceusage.googleapis.com/v1/projects/the-considered-zoryve-boe/services/fcm.googleapis.com 200
[debug] [2026-02-09T11:07:04.251Z] <<< [apiv2][body] GET https://serviceusage.googleapis.com/v1/projects/the-considered-zoryve-boe/services/fcm.googleapis.com [omitted]
[debug] [2026-02-09T11:07:04.288Z] <<< [apiv2][status] GET https://serviceusage.googleapis.com/v1/projects/the-considered-zoryve-boe/services/firebaseremoteconfig.googleapis.com 200
[debug] [2026-02-09T11:07:04.288Z] <<< [apiv2][body] GET https://serviceusage.googleapis.com/v1/projects/the-considered-zoryve-boe/services/firebaseremoteconfig.googleapis.com [omitted]
[debug] [2026-02-09T11:07:04.310Z] <<< [apiv2][status] GET https://serviceusage.googleapis.com/v1/projects/the-considered-zoryve-boe/services/storage.googleapis.com 200
[debug] [2026-02-09T11:07:04.310Z] <<< [apiv2][body] GET https://serviceusage.googleapis.com/v1/projects/the-considered-zoryve-boe/services/storage.googleapis.com [omitted]
[debug] [2026-02-09T11:07:04.328Z] <<< [apiv2][status] GET https://serviceusage.googleapis.com/v1/projects/the-considered-zoryve-boe/services/storage.googleapis.com 200
[debug] [2026-02-09T11:07:04.328Z] <<< [apiv2][body] GET https://serviceusage.googleapis.com/v1/projects/the-considered-zoryve-boe/services/storage.googleapis.com [omitted]
[debug] [2026-02-09T11:07:04.346Z] <<< [apiv2][status] GET https://serviceusage.googleapis.com/v1/projects/the-considered-zoryve-boe/services/firebaseapphosting.googleapis.com 200
[debug] [2026-02-09T11:07:04.346Z] <<< [apiv2][body] GET https://serviceusage.googleapis.com/v1/projects/the-considered-zoryve-boe/services/firebaseapphosting.googleapis.com [omitted]
[debug] [2026-02-09T11:07:04.346Z] <<< [apiv2][status] GET https://serviceusage.googleapis.com/v1/projects/the-considered-zoryve-boe/services/firebaseremoteconfig.googleapis.com 200
[debug] [2026-02-09T11:07:04.347Z] <<< [apiv2][body] GET https://serviceusage.googleapis.com/v1/projects/the-considered-zoryve-boe/services/firebaseremoteconfig.googleapis.com [omitted]
[debug] [2026-02-09T11:07:04.366Z] <<< [apiv2][status] GET https://serviceusage.googleapis.com/v1/projects/the-considered-zoryve-boe/services/firestore.googleapis.com 200
[debug] [2026-02-09T11:07:04.366Z] <<< [apiv2][body] GET https://serviceusage.googleapis.com/v1/projects/the-considered-zoryve-boe/services/firestore.googleapis.com [omitted]
[debug] [2026-02-09T11:07:04.380Z] <<< [apiv2][status] GET https://serviceusage.googleapis.com/v1/projects/the-considered-zoryve-boe/services/firebasedataconnect.googleapis.com 200
[debug] [2026-02-09T11:07:04.380Z] <<< [apiv2][body] GET https://serviceusage.googleapis.com/v1/projects/the-considered-zoryve-boe/services/firebasedataconnect.googleapis.com [omitted]
[debug] [2026-02-09T11:07:04.380Z] <<< [apiv2][status] GET https://serviceusage.googleapis.com/v1/projects/the-considered-zoryve-boe/services/fcm.googleapis.com 200
[debug] [2026-02-09T11:07:04.380Z] <<< [apiv2][body] GET https://serviceusage.googleapis.com/v1/projects/the-considered-zoryve-boe/services/fcm.googleapis.com [omitted]
[debug] [2026-02-09T11:07:04.394Z] <<< [apiv2][status] GET https://serviceusage.googleapis.com/v1/projects/the-considered-zoryve-boe/services/identitytoolkit.googleapis.com 200
[debug] [2026-02-09T11:07:04.394Z] <<< [apiv2][body] GET https://serviceusage.googleapis.com/v1/projects/the-considered-zoryve-boe/services/identitytoolkit.googleapis.com [omitted]
[debug] [2026-02-09T11:07:04.406Z] <<< [apiv2][status] GET https://serviceusage.googleapis.com/v1/projects/the-considered-zoryve-boe/services/firebaseapphosting.googleapis.com 200
[debug] [2026-02-09T11:07:04.406Z] <<< [apiv2][body] GET https://serviceusage.googleapis.com/v1/projects/the-considered-zoryve-boe/services/firebaseapphosting.googleapis.com [omitted]
[debug] [2026-02-09T11:07:04.411Z] <<< [apiv2][status] GET https://serviceusage.googleapis.com/v1/projects/the-considered-zoryve-boe/services/cloudfunctions.googleapis.com 200
[debug] [2026-02-09T11:07:04.412Z] <<< [apiv2][body] GET https://serviceusage.googleapis.com/v1/projects/the-considered-zoryve-boe/services/cloudfunctions.googleapis.com [omitted]
[debug] [2026-02-09T11:07:04.422Z] <<< [apiv2][status] GET https://serviceusage.googleapis.com/v1/projects/the-considered-zoryve-boe/services/cloudfunctions.googleapis.com 200
[debug] [2026-02-09T11:07:04.422Z] <<< [apiv2][body] GET https://serviceusage.googleapis.com/v1/projects/the-considered-zoryve-boe/services/cloudfunctions.googleapis.com [omitted]
[debug] [2026-02-09T11:07:04.423Z] <<< [apiv2][status] GET https://serviceusage.googleapis.com/v1/projects/the-considered-zoryve-boe/services/firestore.googleapis.com 200
[debug] [2026-02-09T11:07:04.423Z] <<< [apiv2][body] GET https://serviceusage.googleapis.com/v1/projects/the-considered-zoryve-boe/services/firestore.googleapis.com [omitted]
[debug] [2026-02-09T11:07:04.488Z] > command requires scopes: ["email","openid","https://www.googleapis.com/auth/cloudplatformprojects.readonly","https://www.googleapis.com/auth/firebase","https://www.googleapis.com/auth/cloud-platform"]
[debug] [2026-02-09T11:07:04.488Z] > authorizing via signed-in user (creativewax@gmail.com)
[debug] [2026-02-09T11:07:04.489Z] Checked if tokens are valid: true, expires at: 1770638821472
[debug] [2026-02-09T11:07:04.493Z] Checked if tokens are valid: true, expires at: 1770638821472
[debug] [2026-02-09T11:07:04.493Z] >>> [apiv2][query] GET https://cloudbilling.googleapis.com/v1/projects/the-considered-zoryve-boe/billingInfo [none]
[debug] [2026-02-09T11:07:04.664Z] <<< [apiv2][status] GET https://cloudbilling.googleapis.com/v1/projects/the-considered-zoryve-boe/billingInfo 200
[debug] [2026-02-09T11:07:04.665Z] <<< [apiv2][body] GET https://cloudbilling.googleapis.com/v1/projects/the-considered-zoryve-boe/billingInfo {"name":"projects/the-considered-zoryve-boe/billingInfo","projectId":"the-considered-zoryve-boe","billingAccountName":"","billingEnabled":false}
[debug] [2026-02-09T11:07:04.675Z] > command requires scopes: ["email","openid","https://www.googleapis.com/auth/cloudplatformprojects.readonly","https://www.googleapis.com/auth/firebase","https://www.googleapis.com/auth/cloud-platform"]
[debug] [2026-02-09T11:07:04.675Z] > authorizing via signed-in user (creativewax@gmail.com)
